{"C:\\Users\\Tim\\Documents\\GitHub\\task-rest-api\\src\\App.tsx": {"path":"C:\\Users\\Tim\\Documents\\GitHub\\task-rest-api\\src\\App.tsx","all":false,"statementMap":{"0":{"start":{"line":1,"column":0},"end":{"line":1,"column":19}},"1":{"start":{"line":2,"column":0},"end":{"line":2,"column":31}},"3":{"start":{"line":4,"column":0},"end":{"line":4,"column":29}},"4":{"start":{"line":5,"column":0},"end":{"line":5,"column":10}},"5":{"start":{"line":6,"column":0},"end":{"line":6,"column":31}},"6":{"start":{"line":7,"column":0},"end":{"line":7,"column":43}},"7":{"start":{"line":8,"column":0},"end":{"line":8,"column":11}},"9":{"start":{"line":10,"column":0},"end":{"line":10,"column":2}},"11":{"start":{"line":12,"column":0},"end":{"line":12,"column":19}}},"s":{"0":1,"1":1,"3":1,"4":2,"5":2,"6":2,"7":2,"9":2,"11":1},"branchMap":{"0":{"type":"branch","line":4,"loc":{"start":{"line":4,"column":22},"end":{"line":10,"column":2}},"locations":[{"start":{"line":4,"column":22},"end":{"line":10,"column":2}}]}},"b":{"0":[2]},"fnMap":{"0":{"name":"App","decl":{"start":{"line":4,"column":22},"end":{"line":10,"column":2}},"loc":{"start":{"line":4,"column":22},"end":{"line":10,"column":2}},"line":4}},"f":{"0":2}}
,"C:\\Users\\Tim\\Documents\\GitHub\\task-rest-api\\src\\main.tsx": {"path":"C:\\Users\\Tim\\Documents\\GitHub\\task-rest-api\\src\\main.tsx","all":true,"statementMap":{"0":{"start":{"line":1,"column":0},"end":{"line":1,"column":35}},"1":{"start":{"line":2,"column":0},"end":{"line":2,"column":46}},"2":{"start":{"line":3,"column":0},"end":{"line":3,"column":21}},"3":{"start":{"line":4,"column":0},"end":{"line":4,"column":28}},"5":{"start":{"line":6,"column":0},"end":{"line":6,"column":52}},"6":{"start":{"line":7,"column":0},"end":{"line":7,"column":14}},"7":{"start":{"line":8,"column":0},"end":{"line":8,"column":11}},"8":{"start":{"line":9,"column":0},"end":{"line":9,"column":15}},"9":{"start":{"line":10,"column":0},"end":{"line":10,"column":2}}},"s":{"0":0,"1":0,"2":0,"3":0,"5":0,"6":0,"7":0,"8":0,"9":0},"branchMap":{"0":{"type":"branch","line":1,"loc":{"start":{"line":1,"column":207},"end":{"line":10,"column":-149}},"locations":[{"start":{"line":1,"column":207},"end":{"line":10,"column":-149}}]}},"b":{"0":[0]},"fnMap":{"0":{"name":"(empty-report)","decl":{"start":{"line":1,"column":207},"end":{"line":10,"column":-149}},"loc":{"start":{"line":1,"column":207},"end":{"line":10,"column":-149}},"line":1}},"f":{"0":0}}
,"C:\\Users\\Tim\\Documents\\GitHub\\task-rest-api\\src\\vite-env.d.ts": {"path":"C:\\Users\\Tim\\Documents\\GitHub\\task-rest-api\\src\\vite-env.d.ts","all":true,"statementMap":{},"s":{},"branchMap":{"0":{"type":"branch","line":1,"loc":{"start":{"line":1,"column":37},"end":{"line":1,"column":37}},"locations":[{"start":{"line":1,"column":37},"end":{"line":1,"column":37}}]}},"b":{"0":[1]},"fnMap":{"0":{"name":"(empty-report)","decl":{"start":{"line":1,"column":37},"end":{"line":1,"column":37}},"loc":{"start":{"line":1,"column":37},"end":{"line":1,"column":37}},"line":1}},"f":{"0":1}}
,"C:\\Users\\Tim\\Documents\\GitHub\\task-rest-api\\src\\components\\Button\\index.tsx": {"path":"C:\\Users\\Tim\\Documents\\GitHub\\task-rest-api\\src\\components\\Button\\index.tsx","all":false,"statementMap":{"0":{"start":{"line":1,"column":0},"end":{"line":1,"column":22}},"16":{"start":{"line":17,"column":0},"end":{"line":17,"column":75}},"17":{"start":{"line":18,"column":0},"end":{"line":18,"column":10}},"18":{"start":{"line":19,"column":0},"end":{"line":19,"column":11}},"19":{"start":{"line":20,"column":0},"end":{"line":20,"column":29}},"20":{"start":{"line":21,"column":0},"end":{"line":21,"column":24}},"21":{"start":{"line":22,"column":0},"end":{"line":22,"column":23}},"22":{"start":{"line":23,"column":0},"end":{"line":23,"column":44}},"24":{"start":{"line":25,"column":0},"end":{"line":25,"column":12}},"25":{"start":{"line":26,"column":0},"end":{"line":26,"column":13}},"27":{"start":{"line":28,"column":0},"end":{"line":28,"column":1}}},"s":{"0":1,"16":51,"17":51,"18":51,"19":51,"20":51,"21":51,"22":51,"24":51,"25":51,"27":51},"branchMap":{"0":{"type":"branch","line":17,"loc":{"start":{"line":17,"column":0},"end":{"line":28,"column":1}},"locations":[{"start":{"line":17,"column":0},"end":{"line":28,"column":1}}]},"1":{"type":"branch","line":23,"loc":{"start":{"line":23,"column":16},"end":{"line":23,"column":38}},"locations":[{"start":{"line":23,"column":16},"end":{"line":23,"column":38}}]},"2":{"type":"branch","line":23,"loc":{"start":{"line":23,"column":27},"end":{"line":23,"column":44}},"locations":[{"start":{"line":23,"column":27},"end":{"line":23,"column":44}}]}},"b":{"0":[51],"1":[2],"2":[49]},"fnMap":{"0":{"name":"Button","decl":{"start":{"line":17,"column":0},"end":{"line":28,"column":1}},"loc":{"start":{"line":17,"column":0},"end":{"line":28,"column":1}},"line":17}},"f":{"0":51}}
,"C:\\Users\\Tim\\Documents\\GitHub\\task-rest-api\\src\\components\\ItemList\\index.tsx": {"path":"C:\\Users\\Tim\\Documents\\GitHub\\task-rest-api\\src\\components\\ItemList\\index.tsx","all":false,"statementMap":{"0":{"start":{"line":1,"column":0},"end":{"line":1,"column":46}},"6":{"start":{"line":7,"column":0},"end":{"line":7,"column":62}},"7":{"start":{"line":8,"column":0},"end":{"line":8,"column":10}},"8":{"start":{"line":9,"column":0},"end":{"line":9,"column":21}},"9":{"start":{"line":10,"column":0},"end":{"line":10,"column":78}},"10":{"start":{"line":11,"column":0},"end":{"line":11,"column":29}},"11":{"start":{"line":12,"column":0},"end":{"line":12,"column":10}},"13":{"start":{"line":14,"column":0},"end":{"line":14,"column":2}},"15":{"start":{"line":16,"column":0},"end":{"line":16,"column":24}}},"s":{"0":1,"6":1,"7":4,"8":4,"9":4,"10":4,"11":4,"13":4,"15":1},"branchMap":{"0":{"type":"branch","line":7,"loc":{"start":{"line":7,"column":42},"end":{"line":14,"column":2}},"locations":[{"start":{"line":7,"column":42},"end":{"line":14,"column":2}}]}},"b":{"0":[4]},"fnMap":{"0":{"name":"ItemList","decl":{"start":{"line":7,"column":42},"end":{"line":14,"column":2}},"loc":{"start":{"line":7,"column":42},"end":{"line":14,"column":2}},"line":7}},"f":{"0":4}}
,"C:\\Users\\Tim\\Documents\\GitHub\\task-rest-api\\src\\components\\ItemList\\utils\\renderItems.tsx": {"path":"C:\\Users\\Tim\\Documents\\GitHub\\task-rest-api\\src\\components\\ItemList\\utils\\renderItems.tsx","all":false,"statementMap":{"2":{"start":{"line":3,"column":0},"end":{"line":3,"column":48}},"3":{"start":{"line":4,"column":0},"end":{"line":4,"column":31}},"4":{"start":{"line":5,"column":0},"end":{"line":5,"column":16}},"5":{"start":{"line":6,"column":0},"end":{"line":6,"column":3}},"6":{"start":{"line":7,"column":0},"end":{"line":7,"column":72}},"7":{"start":{"line":8,"column":0},"end":{"line":8,"column":2}},"8":{"start":{"line":9,"column":0},"end":{"line":9,"column":27}}},"s":{"2":1,"3":7,"4":5,"5":5,"6":2,"7":2,"8":1},"branchMap":{"0":{"type":"branch","line":3,"loc":{"start":{"line":3,"column":20},"end":{"line":8,"column":2}},"locations":[{"start":{"line":3,"column":20},"end":{"line":8,"column":2}}]},"1":{"type":"branch","line":4,"loc":{"start":{"line":4,"column":30},"end":{"line":6,"column":3}},"locations":[{"start":{"line":4,"column":30},"end":{"line":6,"column":3}}]},"2":{"type":"branch","line":6,"loc":{"start":{"line":6,"column":2},"end":{"line":8,"column":2}},"locations":[{"start":{"line":6,"column":2},"end":{"line":8,"column":2}}]},"3":{"type":"branch","line":7,"loc":{"start":{"line":7,"column":23},"end":{"line":7,"column":70}},"locations":[{"start":{"line":7,"column":23},"end":{"line":7,"column":70}}]}},"b":{"0":[7],"1":[5],"2":[2],"3":[4]},"fnMap":{"0":{"name":"renderItems","decl":{"start":{"line":3,"column":20},"end":{"line":8,"column":2}},"loc":{"start":{"line":3,"column":20},"end":{"line":8,"column":2}},"line":3}},"f":{"0":7}}
,"C:\\Users\\Tim\\Documents\\GitHub\\task-rest-api\\src\\components\\Menu\\index.tsx": {"path":"C:\\Users\\Tim\\Documents\\GitHub\\task-rest-api\\src\\components\\Menu\\index.tsx","all":false,"statementMap":{"0":{"start":{"line":1,"column":0},"end":{"line":1,"column":31}},"1":{"start":{"line":2,"column":0},"end":{"line":2,"column":55}},"2":{"start":{"line":3,"column":0},"end":{"line":3,"column":62}},"9":{"start":{"line":10,"column":0},"end":{"line":10,"column":68}},"10":{"start":{"line":11,"column":0},"end":{"line":11,"column":10}},"11":{"start":{"line":12,"column":0},"end":{"line":12,"column":6}},"12":{"start":{"line":13,"column":0},"end":{"line":13,"column":76}},"13":{"start":{"line":14,"column":0},"end":{"line":14,"column":13}},"14":{"start":{"line":15,"column":0},"end":{"line":15,"column":19}},"15":{"start":{"line":16,"column":0},"end":{"line":16,"column":47}},"16":{"start":{"line":17,"column":0},"end":{"line":17,"column":70}},"17":{"start":{"line":18,"column":0},"end":{"line":18,"column":8}},"18":{"start":{"line":19,"column":0},"end":{"line":19,"column":76}},"19":{"start":{"line":20,"column":0},"end":{"line":20,"column":76}},"20":{"start":{"line":21,"column":0},"end":{"line":21,"column":7}},"22":{"start":{"line":23,"column":0},"end":{"line":23,"column":2}},"24":{"start":{"line":25,"column":0},"end":{"line":25,"column":20}}},"s":{"0":1,"1":1,"2":1,"9":1,"10":11,"11":11,"12":11,"13":11,"14":11,"15":11,"16":11,"17":11,"18":11,"19":11,"20":11,"22":11,"24":1},"branchMap":{"0":{"type":"branch","line":10,"loc":{"start":{"line":10,"column":34},"end":{"line":23,"column":2}},"locations":[{"start":{"line":10,"column":34},"end":{"line":23,"column":2}}]},"1":{"type":"branch","line":13,"loc":{"start":{"line":13,"column":38},"end":{"line":13,"column":74}},"locations":[{"start":{"line":13,"column":38},"end":{"line":13,"column":74}}]},"2":{"type":"branch","line":16,"loc":{"start":{"line":16,"column":18},"end":{"line":16,"column":47}},"locations":[{"start":{"line":16,"column":18},"end":{"line":16,"column":47}}]},"3":{"type":"branch","line":19,"loc":{"start":{"line":19,"column":38},"end":{"line":19,"column":74}},"locations":[{"start":{"line":19,"column":38},"end":{"line":19,"column":74}}]},"4":{"type":"branch","line":20,"loc":{"start":{"line":20,"column":38},"end":{"line":20,"column":74}},"locations":[{"start":{"line":20,"column":38},"end":{"line":20,"column":74}}]}},"b":{"0":[11],"1":[1],"2":[1],"3":[1],"4":[1]},"fnMap":{"0":{"name":"Menu","decl":{"start":{"line":10,"column":34},"end":{"line":23,"column":2}},"loc":{"start":{"line":10,"column":34},"end":{"line":23,"column":2}},"line":10},"1":{"name":"callback","decl":{"start":{"line":13,"column":38},"end":{"line":13,"column":74}},"loc":{"start":{"line":13,"column":38},"end":{"line":13,"column":74}},"line":13},"2":{"name":"callback","decl":{"start":{"line":16,"column":18},"end":{"line":16,"column":47}},"loc":{"start":{"line":16,"column":18},"end":{"line":16,"column":47}},"line":16},"3":{"name":"callback","decl":{"start":{"line":19,"column":38},"end":{"line":19,"column":74}},"loc":{"start":{"line":19,"column":38},"end":{"line":19,"column":74}},"line":19},"4":{"name":"callback","decl":{"start":{"line":20,"column":38},"end":{"line":20,"column":74}},"loc":{"start":{"line":20,"column":38},"end":{"line":20,"column":74}},"line":20}},"f":{"0":11,"1":1,"2":1,"3":1,"4":1}}
,"C:\\Users\\Tim\\Documents\\GitHub\\task-rest-api\\src\\pages\\index.ts": {"path":"C:\\Users\\Tim\\Documents\\GitHub\\task-rest-api\\src\\pages\\index.ts","all":false,"statementMap":{"0":{"start":{"line":1,"column":0},"end":{"line":1,"column":26}}},"s":{"0":1},"branchMap":{},"b":{},"fnMap":{},"f":{}}
,"C:\\Users\\Tim\\Documents\\GitHub\\task-rest-api\\src\\pages\\Crud\\index.tsx": {"path":"C:\\Users\\Tim\\Documents\\GitHub\\task-rest-api\\src\\pages\\Crud\\index.tsx","all":false,"statementMap":{"0":{"start":{"line":1,"column":0},"end":{"line":1,"column":20}},"1":{"start":{"line":2,"column":0},"end":{"line":2,"column":41}},"2":{"start":{"line":3,"column":0},"end":{"line":3,"column":33}},"3":{"start":{"line":4,"column":0},"end":{"line":4,"column":49}},"5":{"start":{"line":6,"column":0},"end":{"line":6,"column":52}},"11":{"start":{"line":12,"column":0},"end":{"line":12,"column":17}},"12":{"start":{"line":13,"column":0},"end":{"line":13,"column":74}},"14":{"start":{"line":15,"column":0},"end":{"line":15,"column":10}},"15":{"start":{"line":16,"column":0},"end":{"line":16,"column":6}},"16":{"start":{"line":17,"column":0},"end":{"line":17,"column":14}},"17":{"start":{"line":18,"column":0},"end":{"line":18,"column":21}},"18":{"start":{"line":19,"column":0},"end":{"line":19,"column":15}},"19":{"start":{"line":20,"column":0},"end":{"line":20,"column":40}},"20":{"start":{"line":21,"column":0},"end":{"line":21,"column":66}},"21":{"start":{"line":22,"column":0},"end":{"line":22,"column":12}},"22":{"start":{"line":23,"column":0},"end":{"line":23,"column":14}},"23":{"start":{"line":24,"column":0},"end":{"line":24,"column":29}},"24":{"start":{"line":25,"column":0},"end":{"line":25,"column":41}},"25":{"start":{"line":26,"column":0},"end":{"line":26,"column":30}},"27":{"start":{"line":28,"column":0},"end":{"line":28,"column":42}},"28":{"start":{"line":29,"column":0},"end":{"line":29,"column":16}},"29":{"start":{"line":30,"column":0},"end":{"line":30,"column":7}},"31":{"start":{"line":32,"column":0},"end":{"line":32,"column":1}},"33":{"start":{"line":34,"column":0},"end":{"line":34,"column":20}}},"s":{"0":1,"1":1,"2":1,"3":1,"5":1,"11":4,"12":4,"14":4,"15":4,"16":4,"17":4,"18":4,"19":4,"20":4,"21":4,"22":4,"23":4,"24":4,"25":4,"27":4,"28":4,"29":4,"31":4,"33":1},"branchMap":{"0":{"type":"branch","line":12,"loc":{"start":{"line":12,"column":0},"end":{"line":32,"column":1}},"locations":[{"start":{"line":12,"column":0},"end":{"line":32,"column":1}}]}},"b":{"0":[4]},"fnMap":{"0":{"name":"Crud","decl":{"start":{"line":12,"column":0},"end":{"line":32,"column":1}},"loc":{"start":{"line":12,"column":0},"end":{"line":32,"column":1}},"line":12}},"f":{"0":4}}
,"C:\\Users\\Tim\\Documents\\GitHub\\task-rest-api\\src\\pages\\Crud\\state\\defaultState.ts": {"path":"C:\\Users\\Tim\\Documents\\GitHub\\task-rest-api\\src\\pages\\Crud\\state\\defaultState.ts","all":false,"statementMap":{"0":{"start":{"line":1,"column":0},"end":{"line":1,"column":50}},"2":{"start":{"line":3,"column":0},"end":{"line":3,"column":29}},"3":{"start":{"line":4,"column":0},"end":{"line":4,"column":16}},"4":{"start":{"line":5,"column":0},"end":{"line":5,"column":37}},"5":{"start":{"line":6,"column":0},"end":{"line":6,"column":2}}},"s":{"0":1,"2":1,"3":1,"4":1,"5":1},"branchMap":{},"b":{},"fnMap":{},"f":{}}
,"C:\\Users\\Tim\\Documents\\GitHub\\task-rest-api\\src\\pages\\Crud\\utils\\getItems.ts": {"path":"C:\\Users\\Tim\\Documents\\GitHub\\task-rest-api\\src\\pages\\Crud\\utils\\getItems.ts","all":false,"statementMap":{"0":{"start":{"line":1,"column":0},"end":{"line":1,"column":57}},"1":{"start":{"line":2,"column":0},"end":{"line":2,"column":75}},"3":{"start":{"line":4,"column":0},"end":{"line":4,"column":77}},"4":{"start":{"line":5,"column":0},"end":{"line":5,"column":50}},"5":{"start":{"line":6,"column":0},"end":{"line":6,"column":2}},"14":{"start":{"line":15,"column":0},"end":{"line":15,"column":24}},"15":{"start":{"line":16,"column":0},"end":{"line":16,"column":67}},"16":{"start":{"line":17,"column":0},"end":{"line":17,"column":18}},"17":{"start":{"line":18,"column":0},"end":{"line":18,"column":16}},"18":{"start":{"line":19,"column":0},"end":{"line":19,"column":18}},"19":{"start":{"line":20,"column":0},"end":{"line":20,"column":43}},"20":{"start":{"line":21,"column":0},"end":{"line":21,"column":5}},"21":{"start":{"line":22,"column":0},"end":{"line":22,"column":7}},"22":{"start":{"line":23,"column":0},"end":{"line":23,"column":39}},"23":{"start":{"line":24,"column":0},"end":{"line":24,"column":34}},"24":{"start":{"line":25,"column":0},"end":{"line":25,"column":74}},"25":{"start":{"line":26,"column":0},"end":{"line":26,"column":12}},"26":{"start":{"line":27,"column":0},"end":{"line":27,"column":80}},"27":{"start":{"line":28,"column":0},"end":{"line":28,"column":5}},"28":{"start":{"line":29,"column":0},"end":{"line":29,"column":19}},"29":{"start":{"line":30,"column":0},"end":{"line":30,"column":18}},"30":{"start":{"line":31,"column":0},"end":{"line":31,"column":20}},"31":{"start":{"line":32,"column":0},"end":{"line":32,"column":50}},"32":{"start":{"line":33,"column":0},"end":{"line":33,"column":7}},"33":{"start":{"line":34,"column":0},"end":{"line":34,"column":3}},"34":{"start":{"line":35,"column":0},"end":{"line":35,"column":1}},"36":{"start":{"line":37,"column":0},"end":{"line":37,"column":24}}},"s":{"0":1,"1":1,"3":1,"4":4,"5":4,"14":5,"15":5,"16":5,"17":5,"18":5,"19":5,"20":5,"21":5,"22":5,"23":5,"24":1,"25":5,"26":3,"27":3,"28":5,"29":1,"30":1,"31":1,"32":1,"33":1,"34":5,"36":1},"branchMap":{"0":{"type":"branch","line":4,"loc":{"start":{"line":4,"column":25},"end":{"line":6,"column":2}},"locations":[{"start":{"line":4,"column":25},"end":{"line":6,"column":2}}]},"1":{"type":"branch","line":5,"loc":{"start":{"line":5,"column":28},"end":{"line":5,"column":50}},"locations":[{"start":{"line":5,"column":28},"end":{"line":5,"column":50}}]},"2":{"type":"branch","line":15,"loc":{"start":{"line":15,"column":0},"end":{"line":35,"column":1}},"locations":[{"start":{"line":15,"column":0},"end":{"line":35,"column":1}}]},"3":{"type":"branch","line":23,"loc":{"start":{"line":23,"column":37},"end":{"line":24,"column":33}},"locations":[{"start":{"line":23,"column":37},"end":{"line":24,"column":33}}]},"4":{"type":"branch","line":24,"loc":{"start":{"line":24,"column":33},"end":{"line":26,"column":11}},"locations":[{"start":{"line":24,"column":33},"end":{"line":26,"column":11}}]},"5":{"type":"branch","line":26,"loc":{"start":{"line":26,"column":4},"end":{"line":28,"column":5}},"locations":[{"start":{"line":26,"column":4},"end":{"line":28,"column":5}}]},"6":{"type":"branch","line":29,"loc":{"start":{"line":29,"column":2},"end":{"line":34,"column":3}},"locations":[{"start":{"line":29,"column":2},"end":{"line":34,"column":3}}]}},"b":{"0":[4],"1":[3],"2":[5],"3":[4],"4":[1],"5":[3],"6":[1]},"fnMap":{"0":{"name":"isValidItemArray","decl":{"start":{"line":4,"column":25},"end":{"line":6,"column":2}},"loc":{"start":{"line":4,"column":25},"end":{"line":6,"column":2}},"line":4},"1":{"name":"getItems","decl":{"start":{"line":15,"column":0},"end":{"line":35,"column":1}},"loc":{"start":{"line":15,"column":0},"end":{"line":35,"column":1}},"line":15}},"f":{"0":4,"1":5}}
,"C:\\Users\\Tim\\Documents\\GitHub\\task-rest-api\\src\\service\\getRestItems.ts": {"path":"C:\\Users\\Tim\\Documents\\GitHub\\task-rest-api\\src\\service\\getRestItems.ts","all":false,"statementMap":{"0":{"start":{"line":1,"column":0},"end":{"line":1,"column":46}},"1":{"start":{"line":2,"column":0},"end":{"line":2,"column":7}},"2":{"start":{"line":3,"column":0},"end":{"line":3,"column":70}},"4":{"start":{"line":5,"column":0},"end":{"line":5,"column":23}},"5":{"start":{"line":6,"column":0},"end":{"line":6,"column":22}},"6":{"start":{"line":7,"column":0},"end":{"line":7,"column":74}},"7":{"start":{"line":8,"column":0},"end":{"line":8,"column":8}},"8":{"start":{"line":9,"column":0},"end":{"line":9,"column":5}},"10":{"start":{"line":11,"column":0},"end":{"line":11,"column":33}},"11":{"start":{"line":12,"column":0},"end":{"line":12,"column":19}},"12":{"start":{"line":13,"column":0},"end":{"line":13,"column":50}},"13":{"start":{"line":14,"column":0},"end":{"line":14,"column":16}},"14":{"start":{"line":15,"column":0},"end":{"line":15,"column":3}},"15":{"start":{"line":16,"column":0},"end":{"line":16,"column":1}}},"s":{"0":1,"1":1,"2":1,"4":1,"5":0,"6":0,"7":0,"8":0,"10":1,"11":1,"12":0,"13":0,"14":0,"15":1},"branchMap":{"0":{"type":"branch","line":1,"loc":{"start":{"line":1,"column":0},"end":{"line":16,"column":1}},"locations":[{"start":{"line":1,"column":0},"end":{"line":16,"column":1}}]},"1":{"type":"branch","line":5,"loc":{"start":{"line":5,"column":22},"end":{"line":9,"column":5}},"locations":[{"start":{"line":5,"column":22},"end":{"line":9,"column":5}}]},"2":{"type":"branch","line":12,"loc":{"start":{"line":12,"column":2},"end":{"line":15,"column":3}},"locations":[{"start":{"line":12,"column":2},"end":{"line":15,"column":3}}]}},"b":{"0":[1],"1":[0],"2":[0]},"fnMap":{"0":{"name":"getRestItems","decl":{"start":{"line":1,"column":0},"end":{"line":16,"column":1}},"loc":{"start":{"line":1,"column":0},"end":{"line":16,"column":1}},"line":1}},"f":{"0":1}}
,"C:\\Users\\Tim\\Documents\\GitHub\\task-rest-api\\src\\types\\index.ts": {"path":"C:\\Users\\Tim\\Documents\\GitHub\\task-rest-api\\src\\types\\index.ts","all":false,"statementMap":{"6":{"start":{"line":7,"column":0},"end":{"line":7,"column":30}},"7":{"start":{"line":8,"column":0},"end":{"line":8,"column":37}},"8":{"start":{"line":9,"column":0},"end":{"line":9,"column":24}},"9":{"start":{"line":10,"column":0},"end":{"line":10,"column":23}},"10":{"start":{"line":11,"column":0},"end":{"line":11,"column":41}}},"s":{"6":1,"7":1,"8":1,"9":1,"10":1},"branchMap":{"0":{"type":"branch","line":7,"loc":{"start":{"line":7,"column":7},"end":{"line":7,"column":30}},"locations":[{"start":{"line":7,"column":7},"end":{"line":7,"column":30}}]}},"b":{"0":[4]},"fnMap":{},"f":{}}
}
